{"__type":"$$EventMessageWorkflow","id":"0ecc807b-1827-47fe-8dbe-b54bb155bedf","ts":"2025-06-22T04:52:46.757-04:00","eventName":"n8n.workflow.started","message":"n8n.workflow.started","payload":{"executionId":"106","workflowId":"arMMf3FWgZDtJonx","isManual":false,"workflowName":"Resume Analyzer"}}
{"__type":"$$EventMessageConfirm","confirm":"0ecc807b-1827-47fe-8dbe-b54bb155bedf","ts":"2025-06-22T04:52:46.759-04:00","source":{"id":"0","name":"eventBus"}}
{"__type":"$$EventMessageNode","id":"2c1ca0bd-12a5-4aeb-81ec-315ffdb17f00","ts":"2025-06-22T04:52:46.762-04:00","eventName":"n8n.node.started","message":"n8n.node.started","payload":{"workflowId":"arMMf3FWgZDtJonx","workflowName":"Resume Analyzer","executionId":"106","nodeType":"n8n-nodes-base.webhook","nodeName":"Webhook"}}
{"__type":"$$EventMessageConfirm","confirm":"2c1ca0bd-12a5-4aeb-81ec-315ffdb17f00","ts":"2025-06-22T04:52:46.763-04:00","source":{"id":"0","name":"eventBus"}}
{"__type":"$$EventMessageNode","id":"7a659bc9-b084-41a9-9ad5-a6014ca945a1","ts":"2025-06-22T04:52:46.766-04:00","eventName":"n8n.node.finished","message":"n8n.node.finished","payload":{"workflowId":"arMMf3FWgZDtJonx","workflowName":"Resume Analyzer","executionId":"106","nodeType":"n8n-nodes-base.webhook","nodeName":"Webhook"}}
{"__type":"$$EventMessageConfirm","confirm":"7a659bc9-b084-41a9-9ad5-a6014ca945a1","ts":"2025-06-22T04:52:46.766-04:00","source":{"id":"0","name":"eventBus"}}
{"__type":"$$EventMessageNode","id":"0250ae2f-1a17-4de9-b091-a056247d39e5","ts":"2025-06-22T04:52:46.767-04:00","eventName":"n8n.node.started","message":"n8n.node.started","payload":{"workflowId":"arMMf3FWgZDtJonx","workflowName":"Resume Analyzer","executionId":"106","nodeType":"n8n-nodes-base.extractFromFile","nodeName":"Extract from File"}}
{"__type":"$$EventMessageConfirm","confirm":"0250ae2f-1a17-4de9-b091-a056247d39e5","ts":"2025-06-22T04:52:46.767-04:00","source":{"id":"0","name":"eventBus"}}
{"__type":"$$EventMessageNode","id":"e3577a19-4e22-402c-b51c-e00c18f1c712","ts":"2025-06-22T04:52:46.833-04:00","eventName":"n8n.node.finished","message":"n8n.node.finished","payload":{"workflowId":"arMMf3FWgZDtJonx","workflowName":"Resume Analyzer","executionId":"106","nodeType":"n8n-nodes-base.extractFromFile","nodeName":"Extract from File"}}
{"__type":"$$EventMessageConfirm","confirm":"e3577a19-4e22-402c-b51c-e00c18f1c712","ts":"2025-06-22T04:52:46.834-04:00","source":{"id":"0","name":"eventBus"}}
{"__type":"$$EventMessageWorkflow","id":"72474bfa-ca93-49bd-98b6-0732eb9f4c63","ts":"2025-06-22T04:52:46.837-04:00","eventName":"n8n.workflow.failed","message":"n8n.workflow.failed","payload":{"executionId":"106","success":false,"isManual":false,"workflowId":"arMMf3FWgZDtJonx","workflowName":"Resume Analyzer","lastNodeExecuted":"Extract from File","errorNodeType":"n8n-nodes-base.extractFromFile","errorMessage":"The item has no binary field 'data0' [item 0]"}}
{"__type":"$$EventMessageConfirm","confirm":"72474bfa-ca93-49bd-98b6-0732eb9f4c63","ts":"2025-06-22T04:52:46.837-04:00","source":{"id":"0","name":"eventBus"}}
{"__type":"$$EventMessageWorkflow","id":"bc43e1d1-6246-43ce-aa80-6ce7103794a7","ts":"2025-06-22T04:59:49.105-04:00","eventName":"n8n.workflow.started","message":"n8n.workflow.started","payload":{"executionId":"107","workflowId":"arMMf3FWgZDtJonx","isManual":false,"workflowName":"Resume Analyzer"}}
{"__type":"$$EventMessageConfirm","confirm":"bc43e1d1-6246-43ce-aa80-6ce7103794a7","ts":"2025-06-22T04:59:49.106-04:00","source":{"id":"0","name":"eventBus"}}
{"__type":"$$EventMessageNode","id":"1e70f4c7-fa51-4b86-b1aa-bc40f3ed7cae","ts":"2025-06-22T04:59:49.107-04:00","eventName":"n8n.node.started","message":"n8n.node.started","payload":{"workflowId":"arMMf3FWgZDtJonx","workflowName":"Resume Analyzer","executionId":"107","nodeType":"n8n-nodes-base.webhook","nodeName":"Webhook"}}
{"__type":"$$EventMessageConfirm","confirm":"1e70f4c7-fa51-4b86-b1aa-bc40f3ed7cae","ts":"2025-06-22T04:59:49.107-04:00","source":{"id":"0","name":"eventBus"}}
{"__type":"$$EventMessageNode","id":"a8e3135d-3d6a-4662-bc77-431ee1d0745e","ts":"2025-06-22T04:59:49.108-04:00","eventName":"n8n.node.finished","message":"n8n.node.finished","payload":{"workflowId":"arMMf3FWgZDtJonx","workflowName":"Resume Analyzer","executionId":"107","nodeType":"n8n-nodes-base.webhook","nodeName":"Webhook"}}
{"__type":"$$EventMessageConfirm","confirm":"a8e3135d-3d6a-4662-bc77-431ee1d0745e","ts":"2025-06-22T04:59:49.108-04:00","source":{"id":"0","name":"eventBus"}}
{"__type":"$$EventMessageNode","id":"bcfb37f0-b931-4ebc-b5d5-f460b5355fba","ts":"2025-06-22T04:59:49.109-04:00","eventName":"n8n.node.started","message":"n8n.node.started","payload":{"workflowId":"arMMf3FWgZDtJonx","workflowName":"Resume Analyzer","executionId":"107","nodeType":"n8n-nodes-base.extractFromFile","nodeName":"Extract from File"}}
{"__type":"$$EventMessageConfirm","confirm":"bcfb37f0-b931-4ebc-b5d5-f460b5355fba","ts":"2025-06-22T04:59:49.109-04:00","source":{"id":"0","name":"eventBus"}}
{"__type":"$$EventMessageNode","id":"84a7f604-0e28-4469-8704-ac35869c9b25","ts":"2025-06-22T04:59:49.115-04:00","eventName":"n8n.node.finished","message":"n8n.node.finished","payload":{"workflowId":"arMMf3FWgZDtJonx","workflowName":"Resume Analyzer","executionId":"107","nodeType":"n8n-nodes-base.extractFromFile","nodeName":"Extract from File"}}
{"__type":"$$EventMessageConfirm","confirm":"84a7f604-0e28-4469-8704-ac35869c9b25","ts":"2025-06-22T04:59:49.115-04:00","source":{"id":"0","name":"eventBus"}}
{"__type":"$$EventMessageWorkflow","id":"3da62b22-e1ae-45e4-853c-eba0320f1a44","ts":"2025-06-22T04:59:49.117-04:00","eventName":"n8n.workflow.failed","message":"n8n.workflow.failed","payload":{"executionId":"107","success":false,"isManual":false,"workflowId":"arMMf3FWgZDtJonx","workflowName":"Resume Analyzer","lastNodeExecuted":"Extract from File","errorNodeType":"n8n-nodes-base.extractFromFile","errorMessage":"The item has no binary field 'data0' [item 0]"}}
{"__type":"$$EventMessageConfirm","confirm":"3da62b22-e1ae-45e4-853c-eba0320f1a44","ts":"2025-06-22T04:59:49.117-04:00","source":{"id":"0","name":"eventBus"}}
{"__type":"$$EventMessageWorkflow","id":"0eb95733-f57e-4ea7-87dc-8517bae34fe9","ts":"2025-06-22T05:00:05.807-04:00","eventName":"n8n.workflow.started","message":"n8n.workflow.started","payload":{"executionId":"108","workflowId":"arMMf3FWgZDtJonx","isManual":false,"workflowName":"Resume Analyzer"}}
{"__type":"$$EventMessageConfirm","confirm":"0eb95733-f57e-4ea7-87dc-8517bae34fe9","ts":"2025-06-22T05:00:05.808-04:00","source":{"id":"0","name":"eventBus"}}
{"__type":"$$EventMessageNode","id":"289d702b-9b99-4846-9c52-b06b5d023702","ts":"2025-06-22T05:00:05.809-04:00","eventName":"n8n.node.started","message":"n8n.node.started","payload":{"workflowId":"arMMf3FWgZDtJonx","workflowName":"Resume Analyzer","executionId":"108","nodeType":"n8n-nodes-base.webhook","nodeName":"Webhook"}}
{"__type":"$$EventMessageConfirm","confirm":"289d702b-9b99-4846-9c52-b06b5d023702","ts":"2025-06-22T05:00:05.809-04:00","source":{"id":"0","name":"eventBus"}}
{"__type":"$$EventMessageNode","id":"6d6c0748-1b2a-4b61-8dec-f14dbf70b1db","ts":"2025-06-22T05:00:05.810-04:00","eventName":"n8n.node.finished","message":"n8n.node.finished","payload":{"workflowId":"arMMf3FWgZDtJonx","workflowName":"Resume Analyzer","executionId":"108","nodeType":"n8n-nodes-base.webhook","nodeName":"Webhook"}}
{"__type":"$$EventMessageConfirm","confirm":"6d6c0748-1b2a-4b61-8dec-f14dbf70b1db","ts":"2025-06-22T05:00:05.810-04:00","source":{"id":"0","name":"eventBus"}}
{"__type":"$$EventMessageNode","id":"ae69a3b3-ae3b-4b52-84c2-43f397d48442","ts":"2025-06-22T05:00:05.810-04:00","eventName":"n8n.node.started","message":"n8n.node.started","payload":{"workflowId":"arMMf3FWgZDtJonx","workflowName":"Resume Analyzer","executionId":"108","nodeType":"n8n-nodes-base.extractFromFile","nodeName":"Extract from File"}}
{"__type":"$$EventMessageConfirm","confirm":"ae69a3b3-ae3b-4b52-84c2-43f397d48442","ts":"2025-06-22T05:00:05.811-04:00","source":{"id":"0","name":"eventBus"}}
{"__type":"$$EventMessageNode","id":"c82da022-c8de-42f0-a037-afc6f5c5d745","ts":"2025-06-22T05:00:05.821-04:00","eventName":"n8n.node.finished","message":"n8n.node.finished","payload":{"workflowId":"arMMf3FWgZDtJonx","workflowName":"Resume Analyzer","executionId":"108","nodeType":"n8n-nodes-base.extractFromFile","nodeName":"Extract from File"}}
{"__type":"$$EventMessageConfirm","confirm":"c82da022-c8de-42f0-a037-afc6f5c5d745","ts":"2025-06-22T05:00:05.822-04:00","source":{"id":"0","name":"eventBus"}}
{"__type":"$$EventMessageWorkflow","id":"545ec2ba-b104-4884-8b43-8b2458f261af","ts":"2025-06-22T05:00:05.822-04:00","eventName":"n8n.workflow.failed","message":"n8n.workflow.failed","payload":{"executionId":"108","success":false,"isManual":false,"workflowId":"arMMf3FWgZDtJonx","workflowName":"Resume Analyzer","lastNodeExecuted":"Extract from File","errorNodeType":"n8n-nodes-base.extractFromFile","errorMessage":"The item has no binary field 'data0' [item 0]"}}
{"__type":"$$EventMessageConfirm","confirm":"545ec2ba-b104-4884-8b43-8b2458f261af","ts":"2025-06-22T05:00:05.823-04:00","source":{"id":"0","name":"eventBus"}}
{"__type":"$$EventMessageWorkflow","id":"fea50f1c-9c1d-4a2a-8ed6-2f9f1fbfb088","ts":"2025-06-22T05:00:23.489-04:00","eventName":"n8n.workflow.started","message":"n8n.workflow.started","payload":{"executionId":"109","workflowId":"arMMf3FWgZDtJonx","isManual":false,"workflowName":"Resume Analyzer"}}
{"__type":"$$EventMessageConfirm","confirm":"fea50f1c-9c1d-4a2a-8ed6-2f9f1fbfb088","ts":"2025-06-22T05:00:23.490-04:00","source":{"id":"0","name":"eventBus"}}
{"__type":"$$EventMessageNode","id":"c8a25273-358d-4e29-9ae0-c2e93e8fc33b","ts":"2025-06-22T05:00:23.490-04:00","eventName":"n8n.node.started","message":"n8n.node.started","payload":{"workflowId":"arMMf3FWgZDtJonx","workflowName":"Resume Analyzer","executionId":"109","nodeType":"n8n-nodes-base.webhook","nodeName":"Webhook"}}
{"__type":"$$EventMessageConfirm","confirm":"c8a25273-358d-4e29-9ae0-c2e93e8fc33b","ts":"2025-06-22T05:00:23.490-04:00","source":{"id":"0","name":"eventBus"}}
{"__type":"$$EventMessageNode","id":"7d5bd978-5ac7-4c9d-a82f-7ebf50267594","ts":"2025-06-22T05:00:23.493-04:00","eventName":"n8n.node.finished","message":"n8n.node.finished","payload":{"workflowId":"arMMf3FWgZDtJonx","workflowName":"Resume Analyzer","executionId":"109","nodeType":"n8n-nodes-base.webhook","nodeName":"Webhook"}}
{"__type":"$$EventMessageConfirm","confirm":"7d5bd978-5ac7-4c9d-a82f-7ebf50267594","ts":"2025-06-22T05:00:23.493-04:00","source":{"id":"0","name":"eventBus"}}
{"__type":"$$EventMessageNode","id":"a9baf3f1-ed26-4ff0-b337-cad5fa8326cb","ts":"2025-06-22T05:00:23.493-04:00","eventName":"n8n.node.started","message":"n8n.node.started","payload":{"workflowId":"arMMf3FWgZDtJonx","workflowName":"Resume Analyzer","executionId":"109","nodeType":"n8n-nodes-base.extractFromFile","nodeName":"Extract from File"}}
{"__type":"$$EventMessageConfirm","confirm":"a9baf3f1-ed26-4ff0-b337-cad5fa8326cb","ts":"2025-06-22T05:00:23.494-04:00","source":{"id":"0","name":"eventBus"}}
{"__type":"$$EventMessageNode","id":"313b29e8-dbac-4ff0-8ee2-8e2e61d9f66c","ts":"2025-06-22T05:00:23.498-04:00","eventName":"n8n.node.finished","message":"n8n.node.finished","payload":{"workflowId":"arMMf3FWgZDtJonx","workflowName":"Resume Analyzer","executionId":"109","nodeType":"n8n-nodes-base.extractFromFile","nodeName":"Extract from File"}}
{"__type":"$$EventMessageConfirm","confirm":"313b29e8-dbac-4ff0-8ee2-8e2e61d9f66c","ts":"2025-06-22T05:00:23.500-04:00","source":{"id":"0","name":"eventBus"}}
{"__type":"$$EventMessageWorkflow","id":"7ee83999-3d80-455f-b454-ae188b6e9b7f","ts":"2025-06-22T05:00:23.502-04:00","eventName":"n8n.workflow.failed","message":"n8n.workflow.failed","payload":{"executionId":"109","success":false,"isManual":false,"workflowId":"arMMf3FWgZDtJonx","workflowName":"Resume Analyzer","lastNodeExecuted":"Extract from File","errorNodeType":"n8n-nodes-base.extractFromFile","errorMessage":"The item has no binary field 'data0' [item 0]"}}
{"__type":"$$EventMessageConfirm","confirm":"7ee83999-3d80-455f-b454-ae188b6e9b7f","ts":"2025-06-22T05:00:23.502-04:00","source":{"id":"0","name":"eventBus"}}
{"__type":"$$EventMessageWorkflow","id":"e5bd4156-4258-44d6-83f7-09e2b1f86b88","ts":"2025-06-22T05:00:45.538-04:00","eventName":"n8n.workflow.started","message":"n8n.workflow.started","payload":{"executionId":"110","workflowId":"arMMf3FWgZDtJonx","isManual":false,"workflowName":"Resume Analyzer"}}
{"__type":"$$EventMessageConfirm","confirm":"e5bd4156-4258-44d6-83f7-09e2b1f86b88","ts":"2025-06-22T05:00:45.539-04:00","source":{"id":"0","name":"eventBus"}}
{"__type":"$$EventMessageNode","id":"85cce8bd-9b61-4c65-a9e5-1d0a35e58a9e","ts":"2025-06-22T05:00:45.541-04:00","eventName":"n8n.node.started","message":"n8n.node.started","payload":{"workflowId":"arMMf3FWgZDtJonx","workflowName":"Resume Analyzer","executionId":"110","nodeType":"n8n-nodes-base.webhook","nodeName":"Webhook"}}
{"__type":"$$EventMessageConfirm","confirm":"85cce8bd-9b61-4c65-a9e5-1d0a35e58a9e","ts":"2025-06-22T05:00:45.541-04:00","source":{"id":"0","name":"eventBus"}}
{"__type":"$$EventMessageNode","id":"91422380-8077-446c-b728-b660c88858da","ts":"2025-06-22T05:00:45.543-04:00","eventName":"n8n.node.finished","message":"n8n.node.finished","payload":{"workflowId":"arMMf3FWgZDtJonx","workflowName":"Resume Analyzer","executionId":"110","nodeType":"n8n-nodes-base.webhook","nodeName":"Webhook"}}
{"__type":"$$EventMessageConfirm","confirm":"91422380-8077-446c-b728-b660c88858da","ts":"2025-06-22T05:00:45.543-04:00","source":{"id":"0","name":"eventBus"}}
{"__type":"$$EventMessageNode","id":"8b29d2c3-97be-4e25-b415-980f57588652","ts":"2025-06-22T05:00:45.543-04:00","eventName":"n8n.node.started","message":"n8n.node.started","payload":{"workflowId":"arMMf3FWgZDtJonx","workflowName":"Resume Analyzer","executionId":"110","nodeType":"n8n-nodes-base.extractFromFile","nodeName":"Extract from File"}}
{"__type":"$$EventMessageConfirm","confirm":"8b29d2c3-97be-4e25-b415-980f57588652","ts":"2025-06-22T05:00:45.543-04:00","source":{"id":"0","name":"eventBus"}}
{"__type":"$$EventMessageNode","id":"cd9e0d37-fbc4-460f-a0e9-d58b07cfbfb9","ts":"2025-06-22T05:00:45.548-04:00","eventName":"n8n.node.finished","message":"n8n.node.finished","payload":{"workflowId":"arMMf3FWgZDtJonx","workflowName":"Resume Analyzer","executionId":"110","nodeType":"n8n-nodes-base.extractFromFile","nodeName":"Extract from File"}}
{"__type":"$$EventMessageConfirm","confirm":"cd9e0d37-fbc4-460f-a0e9-d58b07cfbfb9","ts":"2025-06-22T05:00:45.549-04:00","source":{"id":"0","name":"eventBus"}}
{"__type":"$$EventMessageWorkflow","id":"1c50ff92-8f34-4f94-8b43-e7ba994fa21d","ts":"2025-06-22T05:00:45.550-04:00","eventName":"n8n.workflow.failed","message":"n8n.workflow.failed","payload":{"executionId":"110","success":false,"isManual":false,"workflowId":"arMMf3FWgZDtJonx","workflowName":"Resume Analyzer","lastNodeExecuted":"Extract from File","errorNodeType":"n8n-nodes-base.extractFromFile","errorMessage":"The item has no binary field 'data0' [item 0]"}}
{"__type":"$$EventMessageConfirm","confirm":"1c50ff92-8f34-4f94-8b43-e7ba994fa21d","ts":"2025-06-22T05:00:45.553-04:00","source":{"id":"0","name":"eventBus"}}
{"__type":"$$EventMessageWorkflow","id":"4c725e56-e366-4be8-aa93-d721748a9b3b","ts":"2025-06-22T05:01:01.743-04:00","eventName":"n8n.workflow.started","message":"n8n.workflow.started","payload":{"executionId":"111","workflowId":"arMMf3FWgZDtJonx","isManual":false,"workflowName":"Resume Analyzer"}}
{"__type":"$$EventMessageConfirm","confirm":"4c725e56-e366-4be8-aa93-d721748a9b3b","ts":"2025-06-22T05:01:01.743-04:00","source":{"id":"0","name":"eventBus"}}
{"__type":"$$EventMessageNode","id":"8037b9da-3fed-47d4-a4c7-20464eecef36","ts":"2025-06-22T05:01:01.744-04:00","eventName":"n8n.node.started","message":"n8n.node.started","payload":{"workflowId":"arMMf3FWgZDtJonx","workflowName":"Resume Analyzer","executionId":"111","nodeType":"n8n-nodes-base.webhook","nodeName":"Webhook"}}
{"__type":"$$EventMessageConfirm","confirm":"8037b9da-3fed-47d4-a4c7-20464eecef36","ts":"2025-06-22T05:01:01.744-04:00","source":{"id":"0","name":"eventBus"}}
{"__type":"$$EventMessageNode","id":"3d00ba0c-bfed-4f10-9cd3-ac04288c4752","ts":"2025-06-22T05:01:01.744-04:00","eventName":"n8n.node.finished","message":"n8n.node.finished","payload":{"workflowId":"arMMf3FWgZDtJonx","workflowName":"Resume Analyzer","executionId":"111","nodeType":"n8n-nodes-base.webhook","nodeName":"Webhook"}}
{"__type":"$$EventMessageConfirm","confirm":"3d00ba0c-bfed-4f10-9cd3-ac04288c4752","ts":"2025-06-22T05:01:01.745-04:00","source":{"id":"0","name":"eventBus"}}
{"__type":"$$EventMessageNode","id":"0821757c-8b7e-44c5-9502-32e85a6609e3","ts":"2025-06-22T05:01:01.745-04:00","eventName":"n8n.node.started","message":"n8n.node.started","payload":{"workflowId":"arMMf3FWgZDtJonx","workflowName":"Resume Analyzer","executionId":"111","nodeType":"n8n-nodes-base.extractFromFile","nodeName":"Extract from File"}}
{"__type":"$$EventMessageConfirm","confirm":"0821757c-8b7e-44c5-9502-32e85a6609e3","ts":"2025-06-22T05:01:01.745-04:00","source":{"id":"0","name":"eventBus"}}
{"__type":"$$EventMessageNode","id":"cf84b120-f003-4a37-865b-eae738cd9dc8","ts":"2025-06-22T05:01:01.752-04:00","eventName":"n8n.node.finished","message":"n8n.node.finished","payload":{"workflowId":"arMMf3FWgZDtJonx","workflowName":"Resume Analyzer","executionId":"111","nodeType":"n8n-nodes-base.extractFromFile","nodeName":"Extract from File"}}
{"__type":"$$EventMessageConfirm","confirm":"cf84b120-f003-4a37-865b-eae738cd9dc8","ts":"2025-06-22T05:01:01.753-04:00","source":{"id":"0","name":"eventBus"}}
{"__type":"$$EventMessageWorkflow","id":"db8f67b2-af75-41f3-a694-5804218ebf8d","ts":"2025-06-22T05:01:01.755-04:00","eventName":"n8n.workflow.failed","message":"n8n.workflow.failed","payload":{"executionId":"111","success":false,"isManual":false,"workflowId":"arMMf3FWgZDtJonx","workflowName":"Resume Analyzer","lastNodeExecuted":"Extract from File","errorNodeType":"n8n-nodes-base.extractFromFile","errorMessage":"The item has no binary field 'data0' [item 0]"}}
{"__type":"$$EventMessageConfirm","confirm":"db8f67b2-af75-41f3-a694-5804218ebf8d","ts":"2025-06-22T05:01:01.756-04:00","source":{"id":"0","name":"eventBus"}}
{"__type":"$$EventMessageWorkflow","id":"5bc72786-5ae5-4a71-b6ae-ac6e587e8f3a","ts":"2025-06-22T05:05:42.413-04:00","eventName":"n8n.workflow.started","message":"n8n.workflow.started","payload":{"executionId":"112","workflowId":"arMMf3FWgZDtJonx","isManual":false,"workflowName":"Resume Analyzer"}}
{"__type":"$$EventMessageConfirm","confirm":"5bc72786-5ae5-4a71-b6ae-ac6e587e8f3a","ts":"2025-06-22T05:05:42.414-04:00","source":{"id":"0","name":"eventBus"}}
{"__type":"$$EventMessageNode","id":"0eeb22ac-4016-4567-ab0b-d250a8f98950","ts":"2025-06-22T05:05:42.414-04:00","eventName":"n8n.node.started","message":"n8n.node.started","payload":{"workflowId":"arMMf3FWgZDtJonx","workflowName":"Resume Analyzer","executionId":"112","nodeType":"n8n-nodes-base.webhook","nodeName":"Webhook"}}
{"__type":"$$EventMessageConfirm","confirm":"0eeb22ac-4016-4567-ab0b-d250a8f98950","ts":"2025-06-22T05:05:42.414-04:00","source":{"id":"0","name":"eventBus"}}
{"__type":"$$EventMessageNode","id":"1fa83ad4-3977-4f6d-8b21-0aaf7fae763d","ts":"2025-06-22T05:05:42.415-04:00","eventName":"n8n.node.finished","message":"n8n.node.finished","payload":{"workflowId":"arMMf3FWgZDtJonx","workflowName":"Resume Analyzer","executionId":"112","nodeType":"n8n-nodes-base.webhook","nodeName":"Webhook"}}
{"__type":"$$EventMessageConfirm","confirm":"1fa83ad4-3977-4f6d-8b21-0aaf7fae763d","ts":"2025-06-22T05:05:42.415-04:00","source":{"id":"0","name":"eventBus"}}
{"__type":"$$EventMessageNode","id":"32ea0409-a100-4991-80c2-713061725f50","ts":"2025-06-22T05:05:42.415-04:00","eventName":"n8n.node.started","message":"n8n.node.started","payload":{"workflowId":"arMMf3FWgZDtJonx","workflowName":"Resume Analyzer","executionId":"112","nodeType":"n8n-nodes-base.extractFromFile","nodeName":"Extract from File"}}
{"__type":"$$EventMessageConfirm","confirm":"32ea0409-a100-4991-80c2-713061725f50","ts":"2025-06-22T05:05:42.415-04:00","source":{"id":"0","name":"eventBus"}}
{"__type":"$$EventMessageNode","id":"947fbc46-5aef-4225-a35a-9d8cb6196e7f","ts":"2025-06-22T05:05:42.420-04:00","eventName":"n8n.node.finished","message":"n8n.node.finished","payload":{"workflowId":"arMMf3FWgZDtJonx","workflowName":"Resume Analyzer","executionId":"112","nodeType":"n8n-nodes-base.extractFromFile","nodeName":"Extract from File"}}
{"__type":"$$EventMessageConfirm","confirm":"947fbc46-5aef-4225-a35a-9d8cb6196e7f","ts":"2025-06-22T05:05:42.420-04:00","source":{"id":"0","name":"eventBus"}}
{"__type":"$$EventMessageWorkflow","id":"f178a991-5f25-4b0e-830e-e7be8596464f","ts":"2025-06-22T05:05:42.421-04:00","eventName":"n8n.workflow.failed","message":"n8n.workflow.failed","payload":{"executionId":"112","success":false,"isManual":false,"workflowId":"arMMf3FWgZDtJonx","workflowName":"Resume Analyzer","lastNodeExecuted":"Extract from File","errorNodeType":"n8n-nodes-base.extractFromFile","errorMessage":"The item has no binary field 'data0' [item 0]"}}
{"__type":"$$EventMessageConfirm","confirm":"f178a991-5f25-4b0e-830e-e7be8596464f","ts":"2025-06-22T05:05:42.421-04:00","source":{"id":"0","name":"eventBus"}}
{"__type":"$$EventMessageWorkflow","id":"95fd6b01-f191-4d9a-ba9f-ba89a6c90421","ts":"2025-06-22T05:06:24.259-04:00","eventName":"n8n.workflow.started","message":"n8n.workflow.started","payload":{"executionId":"113","workflowId":"arMMf3FWgZDtJonx","isManual":false,"workflowName":"Resume Analyzer"}}
{"__type":"$$EventMessageConfirm","confirm":"95fd6b01-f191-4d9a-ba9f-ba89a6c90421","ts":"2025-06-22T05:06:24.259-04:00","source":{"id":"0","name":"eventBus"}}
{"__type":"$$EventMessageNode","id":"f9677a68-b63e-4c8a-94b5-ac3e3079497e","ts":"2025-06-22T05:06:24.259-04:00","eventName":"n8n.node.started","message":"n8n.node.started","payload":{"workflowId":"arMMf3FWgZDtJonx","workflowName":"Resume Analyzer","executionId":"113","nodeType":"n8n-nodes-base.webhook","nodeName":"Webhook"}}
{"__type":"$$EventMessageConfirm","confirm":"f9677a68-b63e-4c8a-94b5-ac3e3079497e","ts":"2025-06-22T05:06:24.259-04:00","source":{"id":"0","name":"eventBus"}}
{"__type":"$$EventMessageNode","id":"e43c2a3c-0caa-4c10-8186-d13ebe2e3152","ts":"2025-06-22T05:06:24.260-04:00","eventName":"n8n.node.finished","message":"n8n.node.finished","payload":{"workflowId":"arMMf3FWgZDtJonx","workflowName":"Resume Analyzer","executionId":"113","nodeType":"n8n-nodes-base.webhook","nodeName":"Webhook"}}
{"__type":"$$EventMessageConfirm","confirm":"e43c2a3c-0caa-4c10-8186-d13ebe2e3152","ts":"2025-06-22T05:06:24.260-04:00","source":{"id":"0","name":"eventBus"}}
{"__type":"$$EventMessageNode","id":"270f1491-81a6-4033-a4b5-fde8ca5f24f0","ts":"2025-06-22T05:06:24.261-04:00","eventName":"n8n.node.started","message":"n8n.node.started","payload":{"workflowId":"arMMf3FWgZDtJonx","workflowName":"Resume Analyzer","executionId":"113","nodeType":"n8n-nodes-base.extractFromFile","nodeName":"Extract from File"}}
{"__type":"$$EventMessageConfirm","confirm":"270f1491-81a6-4033-a4b5-fde8ca5f24f0","ts":"2025-06-22T05:06:24.261-04:00","source":{"id":"0","name":"eventBus"}}
{"__type":"$$EventMessageNode","id":"b8ee7812-3a84-4003-b86b-c29fa3c34e15","ts":"2025-06-22T05:06:24.263-04:00","eventName":"n8n.node.finished","message":"n8n.node.finished","payload":{"workflowId":"arMMf3FWgZDtJonx","workflowName":"Resume Analyzer","executionId":"113","nodeType":"n8n-nodes-base.extractFromFile","nodeName":"Extract from File"}}
{"__type":"$$EventMessageConfirm","confirm":"b8ee7812-3a84-4003-b86b-c29fa3c34e15","ts":"2025-06-22T05:06:24.263-04:00","source":{"id":"0","name":"eventBus"}}
{"__type":"$$EventMessageWorkflow","id":"a6b96a96-bee5-4409-9d2d-7e752bed4475","ts":"2025-06-22T05:06:24.263-04:00","eventName":"n8n.workflow.failed","message":"n8n.workflow.failed","payload":{"executionId":"113","success":false,"isManual":false,"workflowId":"arMMf3FWgZDtJonx","workflowName":"Resume Analyzer","lastNodeExecuted":"Extract from File","errorNodeType":"n8n-nodes-base.extractFromFile","errorMessage":"The item has no binary field 'data0' [item 0]"}}
{"__type":"$$EventMessageConfirm","confirm":"a6b96a96-bee5-4409-9d2d-7e752bed4475","ts":"2025-06-22T05:06:24.264-04:00","source":{"id":"0","name":"eventBus"}}
