{"__type":"$$EventMessageWorkflow","id":"8007c116-b057-47e9-bffd-7f53b7efda28","ts":"2025-06-22T05:16:17.053-04:00","eventName":"n8n.workflow.started","message":"n8n.workflow.started","payload":{"executionId":"114","workflowId":"arMMf3FWgZDtJonx","isManual":false,"workflowName":"Resume Analyzer"}}
{"__type":"$$EventMessageConfirm","confirm":"8007c116-b057-47e9-bffd-7f53b7efda28","ts":"2025-06-22T05:16:17.054-04:00","source":{"id":"0","name":"eventBus"}}
{"__type":"$$EventMessageNode","id":"22ecacb9-4c5c-4f43-9186-e7b245acfb7c","ts":"2025-06-22T05:16:17.056-04:00","eventName":"n8n.node.started","message":"n8n.node.started","payload":{"workflowId":"arMMf3FWgZDtJonx","workflowName":"Resume Analyzer","executionId":"114","nodeType":"n8n-nodes-base.webhook","nodeName":"Webhook"}}
{"__type":"$$EventMessageConfirm","confirm":"22ecacb9-4c5c-4f43-9186-e7b245acfb7c","ts":"2025-06-22T05:16:17.056-04:00","source":{"id":"0","name":"eventBus"}}
{"__type":"$$EventMessageNode","id":"ccf19e36-6abb-4ba7-a337-89223388a56c","ts":"2025-06-22T05:16:17.060-04:00","eventName":"n8n.node.finished","message":"n8n.node.finished","payload":{"workflowId":"arMMf3FWgZDtJonx","workflowName":"Resume Analyzer","executionId":"114","nodeType":"n8n-nodes-base.webhook","nodeName":"Webhook"}}
{"__type":"$$EventMessageConfirm","confirm":"ccf19e36-6abb-4ba7-a337-89223388a56c","ts":"2025-06-22T05:16:17.060-04:00","source":{"id":"0","name":"eventBus"}}
{"__type":"$$EventMessageNode","id":"3d187e92-4805-40b6-b08f-494ad6b08007","ts":"2025-06-22T05:16:17.061-04:00","eventName":"n8n.node.started","message":"n8n.node.started","payload":{"workflowId":"arMMf3FWgZDtJonx","workflowName":"Resume Analyzer","executionId":"114","nodeType":"n8n-nodes-base.extractFromFile","nodeName":"Extract from File"}}
{"__type":"$$EventMessageConfirm","confirm":"3d187e92-4805-40b6-b08f-494ad6b08007","ts":"2025-06-22T05:16:17.062-04:00","source":{"id":"0","name":"eventBus"}}
{"__type":"$$EventMessageNode","id":"d54199b3-4bd8-45dc-826f-43a19f32459d","ts":"2025-06-22T05:16:17.147-04:00","eventName":"n8n.node.finished","message":"n8n.node.finished","payload":{"workflowId":"arMMf3FWgZDtJonx","workflowName":"Resume Analyzer","executionId":"114","nodeType":"n8n-nodes-base.extractFromFile","nodeName":"Extract from File"}}
{"__type":"$$EventMessageConfirm","confirm":"d54199b3-4bd8-45dc-826f-43a19f32459d","ts":"2025-06-22T05:16:17.148-04:00","source":{"id":"0","name":"eventBus"}}
{"__type":"$$EventMessageWorkflow","id":"272b8d97-b8fe-4774-b56e-1f630455462f","ts":"2025-06-22T05:16:17.153-04:00","eventName":"n8n.workflow.failed","message":"n8n.workflow.failed","payload":{"executionId":"114","success":false,"isManual":false,"workflowId":"arMMf3FWgZDtJonx","workflowName":"Resume Analyzer","lastNodeExecuted":"Extract from File","errorNodeType":"n8n-nodes-base.extractFromFile","errorMessage":"The item has no binary field 'data0' [item 0]"}}
{"__type":"$$EventMessageConfirm","confirm":"272b8d97-b8fe-4774-b56e-1f630455462f","ts":"2025-06-22T05:16:17.154-04:00","source":{"id":"0","name":"eventBus"}}
{"__type":"$$EventMessageWorkflow","id":"29fc7873-22b7-475f-9961-4b0f4920d952","ts":"2025-06-22T05:16:39.696-04:00","eventName":"n8n.workflow.started","message":"n8n.workflow.started","payload":{"executionId":"115","workflowId":"arMMf3FWgZDtJonx","isManual":false,"workflowName":"Resume Analyzer"}}
{"__type":"$$EventMessageConfirm","confirm":"29fc7873-22b7-475f-9961-4b0f4920d952","ts":"2025-06-22T05:16:39.696-04:00","source":{"id":"0","name":"eventBus"}}
{"__type":"$$EventMessageNode","id":"35e45776-efd2-4862-bde1-3b575317257e","ts":"2025-06-22T05:16:39.697-04:00","eventName":"n8n.node.started","message":"n8n.node.started","payload":{"workflowId":"arMMf3FWgZDtJonx","workflowName":"Resume Analyzer","executionId":"115","nodeType":"n8n-nodes-base.webhook","nodeName":"Webhook"}}
{"__type":"$$EventMessageConfirm","confirm":"35e45776-efd2-4862-bde1-3b575317257e","ts":"2025-06-22T05:16:39.697-04:00","source":{"id":"0","name":"eventBus"}}
{"__type":"$$EventMessageNode","id":"7e548f92-03a9-44f9-a562-ae6c6bd117dc","ts":"2025-06-22T05:16:39.698-04:00","eventName":"n8n.node.finished","message":"n8n.node.finished","payload":{"workflowId":"arMMf3FWgZDtJonx","workflowName":"Resume Analyzer","executionId":"115","nodeType":"n8n-nodes-base.webhook","nodeName":"Webhook"}}
{"__type":"$$EventMessageConfirm","confirm":"7e548f92-03a9-44f9-a562-ae6c6bd117dc","ts":"2025-06-22T05:16:39.698-04:00","source":{"id":"0","name":"eventBus"}}
{"__type":"$$EventMessageNode","id":"f7621f20-659f-4372-862e-31bf753d7579","ts":"2025-06-22T05:16:39.699-04:00","eventName":"n8n.node.started","message":"n8n.node.started","payload":{"workflowId":"arMMf3FWgZDtJonx","workflowName":"Resume Analyzer","executionId":"115","nodeType":"n8n-nodes-base.extractFromFile","nodeName":"Extract from File"}}
{"__type":"$$EventMessageConfirm","confirm":"f7621f20-659f-4372-862e-31bf753d7579","ts":"2025-06-22T05:16:39.700-04:00","source":{"id":"0","name":"eventBus"}}
{"__type":"$$EventMessageNode","id":"95769a67-c1f7-4b8e-aab8-0d511229ff37","ts":"2025-06-22T05:16:39.708-04:00","eventName":"n8n.node.finished","message":"n8n.node.finished","payload":{"workflowId":"arMMf3FWgZDtJonx","workflowName":"Resume Analyzer","executionId":"115","nodeType":"n8n-nodes-base.extractFromFile","nodeName":"Extract from File"}}
{"__type":"$$EventMessageConfirm","confirm":"95769a67-c1f7-4b8e-aab8-0d511229ff37","ts":"2025-06-22T05:16:39.709-04:00","source":{"id":"0","name":"eventBus"}}
{"__type":"$$EventMessageWorkflow","id":"70683d2e-4b02-4d61-89df-604b12d96958","ts":"2025-06-22T05:16:39.714-04:00","eventName":"n8n.workflow.failed","message":"n8n.workflow.failed","payload":{"executionId":"115","success":false,"isManual":false,"workflowId":"arMMf3FWgZDtJonx","workflowName":"Resume Analyzer","lastNodeExecuted":"Extract from File","errorNodeType":"n8n-nodes-base.extractFromFile","errorMessage":"The item has no binary field 'data0' [item 0]"}}
{"__type":"$$EventMessageConfirm","confirm":"70683d2e-4b02-4d61-89df-604b12d96958","ts":"2025-06-22T05:16:39.714-04:00","source":{"id":"0","name":"eventBus"}}
{"__type":"$$EventMessageAudit","id":"579c7056-18f3-423a-bac5-84dea352baae","ts":"2025-06-22T05:21:59.790-04:00","eventName":"n8n.audit.workflow.updated","message":"n8n.audit.workflow.updated","payload":{"userId":"1cbf40c4-789d-4161-8f44-3087fe602b92","_email":"yonasfikadie8989@gmail.com","_firstName":"Yonas","_lastName":"Fikadie","globalRole":"global:owner","workflowId":"arMMf3FWgZDtJonx","workflowName":"Resume Analyzer"}}
{"__type":"$$EventMessageConfirm","confirm":"579c7056-18f3-423a-bac5-84dea352baae","ts":"2025-06-22T05:21:59.791-04:00","source":{"id":"0","name":"eventBus"}}
{"__type":"$$EventMessageWorkflow","id":"097f31ba-02de-430c-b3a5-bf21bfe2fa65","ts":"2025-06-22T05:22:07.599-04:00","eventName":"n8n.workflow.started","message":"n8n.workflow.started","payload":{"executionId":"116","workflowId":"arMMf3FWgZDtJonx","isManual":false,"workflowName":"Resume Analyzer"}}
{"__type":"$$EventMessageConfirm","confirm":"097f31ba-02de-430c-b3a5-bf21bfe2fa65","ts":"2025-06-22T05:22:07.599-04:00","source":{"id":"0","name":"eventBus"}}
{"__type":"$$EventMessageNode","id":"fca21cc9-b9d9-46a6-9df4-a5f470b65a84","ts":"2025-06-22T05:22:07.600-04:00","eventName":"n8n.node.started","message":"n8n.node.started","payload":{"workflowId":"arMMf3FWgZDtJonx","workflowName":"Resume Analyzer","executionId":"116","nodeType":"n8n-nodes-base.webhook","nodeName":"Webhook"}}
{"__type":"$$EventMessageConfirm","confirm":"fca21cc9-b9d9-46a6-9df4-a5f470b65a84","ts":"2025-06-22T05:22:07.600-04:00","source":{"id":"0","name":"eventBus"}}
{"__type":"$$EventMessageNode","id":"dec018ea-4620-49f8-85c0-2235f27a59e4","ts":"2025-06-22T05:22:07.601-04:00","eventName":"n8n.node.finished","message":"n8n.node.finished","payload":{"workflowId":"arMMf3FWgZDtJonx","workflowName":"Resume Analyzer","executionId":"116","nodeType":"n8n-nodes-base.webhook","nodeName":"Webhook"}}
{"__type":"$$EventMessageConfirm","confirm":"dec018ea-4620-49f8-85c0-2235f27a59e4","ts":"2025-06-22T05:22:07.602-04:00","source":{"id":"0","name":"eventBus"}}
{"__type":"$$EventMessageNode","id":"137439f1-0f5c-415c-83e0-219684cb9224","ts":"2025-06-22T05:22:07.603-04:00","eventName":"n8n.node.started","message":"n8n.node.started","payload":{"workflowId":"arMMf3FWgZDtJonx","workflowName":"Resume Analyzer","executionId":"116","nodeType":"n8n-nodes-base.extractFromFile","nodeName":"Extract from File"}}
{"__type":"$$EventMessageConfirm","confirm":"137439f1-0f5c-415c-83e0-219684cb9224","ts":"2025-06-22T05:22:07.603-04:00","source":{"id":"0","name":"eventBus"}}
{"__type":"$$EventMessageNode","id":"01c0b1b7-1e47-486b-82fc-8749a851a31f","ts":"2025-06-22T05:22:07.611-04:00","eventName":"n8n.node.finished","message":"n8n.node.finished","payload":{"workflowId":"arMMf3FWgZDtJonx","workflowName":"Resume Analyzer","executionId":"116","nodeType":"n8n-nodes-base.extractFromFile","nodeName":"Extract from File"}}
{"__type":"$$EventMessageConfirm","confirm":"01c0b1b7-1e47-486b-82fc-8749a851a31f","ts":"2025-06-22T05:22:07.611-04:00","source":{"id":"0","name":"eventBus"}}
{"__type":"$$EventMessageWorkflow","id":"aaf2504c-aeb0-43dc-8121-2d859fd38758","ts":"2025-06-22T05:22:07.613-04:00","eventName":"n8n.workflow.failed","message":"n8n.workflow.failed","payload":{"executionId":"116","success":false,"isManual":false,"workflowId":"arMMf3FWgZDtJonx","workflowName":"Resume Analyzer","lastNodeExecuted":"Extract from File","errorNodeType":"n8n-nodes-base.extractFromFile","errorMessage":"This operation expects the node's input data to contain a binary file 'data0', but none was found [item 0]"}}
{"__type":"$$EventMessageConfirm","confirm":"aaf2504c-aeb0-43dc-8121-2d859fd38758","ts":"2025-06-22T05:22:07.613-04:00","source":{"id":"0","name":"eventBus"}}
